<?xml version="1.0" encoding="UTF-8"?>
<testsuite xmlns:xsi="http://www.w3.org/2001/XMLSchema-instance" xsi:noNamespaceSchemaLocation="https://maven.apache.org/surefire/maven-surefire-plugin/xsd/surefire-test-report.xsd" name="runners.myRunner" time="29.672" tests="3" errors="0" skipped="0" failures="0">
  <properties>
[...]
</properties>
  <testcase name="Given I log in on my local storeMate Online environment" classname="Scenario: Install new MSE package" time="0.003"/>
  <testcase name="Then I want to validate the installed MSE version" classname="Scenario: Install new MSE package" time="0"/>
  <testcase name="Scenario: Install new MSE package" classname="Scenario: Install new MSE package" time="0"/>
</testsuite>